<?xml version="1.0" encoding="UTF-8"?>
<!-- Generated by org.testng.reporters.JUnitReportReporter -->
<testsuite name="com.actitime.test.InvalidLogin" tests="2" time="56.475" ignored="4" failures="0" timestamp="08 Aug 2017 10:16:12 GMT" skipped="0" hostname="facultypc-PC" errors="0">
  <testcase name="testInvalidLogin" time="25.000" classname="com.actitime.test.InvalidLogin"/>
  <testcase name="testInvalidLogin" time="31.475" classname="com.actitime.test.InvalidLogin"/>
  <testcase name="initDriver" classname="generic.BaseTest">
    <skipped/>
  </testcase> <!-- initDriver -->
  <testcase name="initDriver" classname="generic.BaseTest">
    <skipped/>
  </testcase> <!-- initDriver -->
  <testcase name="initDriver" classname="generic.BaseTest">
    <skipped/>
  </testcase> <!-- initDriver -->
  <testcase name="initDriver" classname="generic.BaseTest">
    <skipped/>
  </testcase> <!-- initDriver -->
</testsuite> <!-- com.actitime.test.InvalidLogin -->
