<?xml version="1.0" encoding="UTF-8"?>
<!-- Generated by org.testng.reporters.JUnitReportReporter -->
<testsuite name="com.actitime.test.VerifyBuildVersion" tests="2" time="46.923" ignored="4" failures="0" timestamp="08 Aug 2017 10:16:12 GMT" skipped="0" hostname="facultypc-PC" errors="0">
  <testcase name="testBuildVersion" time="22.160" classname="com.actitime.test.VerifyBuildVersion"/>
  <testcase name="testBuildVersion" time="24.763" classname="com.actitime.test.VerifyBuildVersion"/>
  <testcase name="initDriver" classname="generic.BaseTest">
    <skipped/>
  </testcase> <!-- initDriver -->
  <testcase name="initDriver" classname="generic.BaseTest">
    <skipped/>
  </testcase> <!-- initDriver -->
  <testcase name="initDriver" classname="generic.BaseTest">
    <skipped/>
  </testcase> <!-- initDriver -->
  <testcase name="initDriver" classname="generic.BaseTest">
    <skipped/>
  </testcase> <!-- initDriver -->
</testsuite> <!-- com.actitime.test.VerifyBuildVersion -->
