<?xml version="1.0" encoding="UTF-8"?>
<!-- Generated by org.testng.reporters.JUnitReportReporter -->
<testsuite name="com.actitime.test.ValidLogin" tests="2" time="30.453" ignored="4" failures="0" timestamp="08 Aug 2017 10:16:12 GMT" skipped="0" hostname="facultypc-PC" errors="0">
  <testcase name="testValidLogin" time="18.107" classname="com.actitime.test.ValidLogin"/>
  <testcase name="testValidLogin" time="12.346" classname="com.actitime.test.ValidLogin"/>
  <testcase name="initDriver" classname="generic.BaseTest">
    <skipped/>
  </testcase> <!-- initDriver -->
  <testcase name="initDriver" classname="generic.BaseTest">
    <skipped/>
  </testcase> <!-- initDriver -->
  <testcase name="initDriver" classname="generic.BaseTest">
    <skipped/>
  </testcase> <!-- initDriver -->
  <testcase name="initDriver" classname="generic.BaseTest">
    <skipped/>
  </testcase> <!-- initDriver -->
</testsuite> <!-- com.actitime.test.ValidLogin -->
